2021-02-13 14:41:15,096 - root - INFO - MysqlConnector : 51 - Successful login - jwhite
2021-02-13 14:41:15,097 - __main__ - INFO - MainApplication : 71 - jwhite successfully logged in
2021-02-13 14:44:30,930 - root - INFO - MysqlConnector : 51 - Successful login - jwhite
2021-02-13 14:44:30,930 - __main__ - INFO - MainApplication : 71 - jwhite successfully logged in
2021-02-13 14:44:40,942 - big_teacher.src.gui.SettingsGui - INFO - SettingsGui : 110 - Settings successfully loaded from config.ini
2021-02-14 23:30:11,567 - big_teacher.src.Settings - ERROR - Settings : 70 - No section: 'sqldb'
2021-02-14 23:30:11,568 - big_teacher.src.gui.SettingsGui - ERROR - SettingsGui : 101 - Settings were not loaded - <class 'TypeError'>
2021-02-14 23:39:14,709 - big_teacher.src.Settings - ERROR - Settings : 70 - No section: 'sqldb'
2021-02-14 23:39:14,710 - big_teacher.src.gui.SettingsGui - ERROR - SettingsGui : 101 - Settings were not loaded - <class 'TypeError'>
2021-02-14 23:43:19,902 - big_teacher.src.Settings - ERROR - Settings : 70 - No section: 'sqldb'
2021-02-14 23:43:19,902 - big_teacher.src.gui.SettingsGui - ERROR - SettingsGui : 101 - Settings were not loaded - <class 'TypeError'>
2021-02-14 23:44:13,042 - big_teacher.src.Settings - ERROR - Settings : 70 - No section: 'sqldb'
2021-02-14 23:45:30,171 - big_teacher.src.Settings - ERROR - Settings : 70 - No section: 'sqldb'
2021-02-14 23:46:13,088 - root - INFO - MysqlConnector : 49 - Successful login - jwhite
2021-02-14 23:46:13,089 - __main__ - INFO - MainApplication : 45 - jwhite successfully logged in
2021-02-15 08:21:00,711 - big_teacher.src.gui.SettingsGui - INFO - SettingsGui : 110 - Settings successfully loaded from config.ini
2021-02-15 08:21:19,847 - root - CRITICAL - MysqlConnector : 61 - FAILED login - jwhite
2021-02-15 08:21:19,849 - big_teacher.src.controller.LoginController - WARNING - LoginController : 56 - jwhite FAILED login attempt
2021-02-15 08:21:43,550 - big_teacher.src.controller.MysqlConnector - INFO - MysqlConnector : 58 - Successful login - jwhite
2021-02-15 08:21:43,581 - big_teacher.src.controller.LoginController - INFO - LoginController : 50 - jwhite successfully logged in
2021-02-15 08:47:34,141 - big_teacher.src.controller.MysqlConnector - INFO - MysqlConnector : 58 - Successful login - jwhite
2021-02-15 08:47:34,171 - big_teacher.src.controller.LoginController - INFO - LoginController : 50 - jwhite successfully logged in
2021-02-15 08:48:11,784 - big_teacher.src.controller.MysqlConnector - INFO - MysqlConnector : 58 - Successful login - jwhite
2021-02-15 08:48:11,815 - big_teacher.src.controller.LoginController - INFO - LoginController : 50 - jwhite successfully logged in
2021-02-15 08:53:29,427 - big_teacher.src.controller.MysqlConnector - INFO - MysqlConnector : 58 - Successful login - jwhite
2021-02-15 08:53:29,460 - big_teacher.src.controller.LoginController - INFO - LoginController : 50 - jwhite successfully logged in
2021-02-15 08:55:01,794 - big_teacher.src.controller.MysqlConnector - INFO - MysqlConnector : 58 - Successful login - jwhite
2021-02-15 08:55:01,827 - big_teacher.src.controller.LoginController - INFO - LoginController : 50 - jwhite successfully logged in
2021-02-15 08:59:04,379 - root - CRITICAL - MysqlConnector : 61 - FAILED login - jwhite
2021-02-15 08:59:04,380 - big_teacher.src.controller.LoginController - WARNING - LoginController : 56 - jwhite FAILED login attempt
2021-02-15 08:59:20,637 - big_teacher.src.controller.MysqlConnector - INFO - MysqlConnector : 58 - Successful login - jwhite
2021-02-15 08:59:20,667 - big_teacher.src.controller.LoginController - INFO - LoginController : 50 - jwhite successfully logged in
2021-02-15 09:23:17,106 - root - CRITICAL - MysqlConnector : 61 - FAILED login - jjwhite
2021-02-15 09:23:17,107 - big_teacher.src.controller.LoginController - WARNING - LoginController : 56 - jjwhite FAILED login attempt
2021-02-15 09:23:25,826 - big_teacher.src.controller.MysqlConnector - INFO - MysqlConnector : 58 - Successful login - jwhite
2021-02-15 09:23:25,857 - big_teacher.src.controller.LoginController - INFO - LoginController : 50 - jwhite successfully logged in
